<?xml version="1.0" encoding="UTF-8"?>
<!-- Generated by org.testng.reporters.JUnitXMLReporter -->
<testsuite ignored="8" hostname="qalab-scim-ss" failures="0" tests="2" name="Amazon_SigninPage_Sanity_Test" time="0.145" errors="0" timestamp="2025-12-03T14:15:54 UTC">
  <testcase classname="com.amazon.tests.SigninPageTest" name="@BeforeMethod setupPage" time="0.012">
    <failure type="java.lang.NullPointerException" message="Cannot invoke &amp;quot;com.amazon.pages.HomePage.openSiginPage()&amp;quot; because &amp;quot;this.homePage&amp;quot; is null">
      <![CDATA[java.lang.NullPointerException: Cannot invoke "com.amazon.pages.HomePage.openSiginPage()" because "this.homePage" is null
at com.amazon.tests.SigninPageTest.setupPage(SigninPageTest.java:14)
at java.base/java.util.ArrayList.forEach(ArrayList.java:1596)
... Removed 29 stack frames]]>
    </failure>
  </testcase> <!-- @BeforeMethod setupPage -->
  <testcase classname="com.amazon.tests.SigninPageTest" name="@BeforeMethod setupPage" time="0.001">
    <failure type="java.lang.NullPointerException" message="Cannot invoke &amp;quot;com.amazon.pages.HomePage.openSiginPage()&amp;quot; because &amp;quot;this.homePage&amp;quot; is null">
      <![CDATA[java.lang.NullPointerException: Cannot invoke "com.amazon.pages.HomePage.openSiginPage()" because "this.homePage" is null
at com.amazon.tests.SigninPageTest.setupPage(SigninPageTest.java:14)
at java.base/java.util.ArrayList.forEach(ArrayList.java:1596)
... Removed 29 stack frames]]>
    </failure>
  </testcase> <!-- @BeforeMethod setupPage -->
  <testcase classname="com.amazon.tests.SigninPageTest" name="isLogoPresentTest" time="0.004">
    <skipped/>
  </testcase> <!-- isLogoPresentTest -->
  <testcase classname="com.amazon.tests.SigninPageTest" name="pageTitleTest" time="0.0">
    <skipped/>
  </testcase> <!-- pageTitleTest -->
  <testcase classname="com.amazon.tests.SigninPageTest" name="fieldsOnThePageTests" time="0.0">
    <ignored/>
  </testcase> <!-- fieldsOnThePageTests -->
  <testcase classname="com.amazon.tests.SigninPageTest" name="createBusinessAccountTest" time="0.0">
    <ignored/>
  </testcase> <!-- createBusinessAccountTest -->
  <testcase classname="com.amazon.tests.SigninPageTest" name="validateMobileNumberField" time="0.0">
    <ignored/>
  </testcase> <!-- validateMobileNumberField -->
  <testcase classname="com.amazon.tests.SigninPageTest" name="isUserExists" time="0.0">
    <ignored/>
  </testcase> <!-- isUserExists -->
  <testcase classname="com.amazon.tests.SigninPageTest" name="siginWithValidCredentailTest" time="0.0">
    <ignored/>
  </testcase> <!-- siginWithValidCredentailTest -->
  <testcase classname="com.amazon.tests.SigninPageTest" name="siginWithInvalidEmailTest" time="0.0">
    <ignored/>
  </testcase> <!-- siginWithInvalidEmailTest -->
  <testcase classname="com.amazon.tests.SigninPageTest" name="siginWithUnregisterEmailTest" time="0.0">
    <ignored/>
  </testcase> <!-- siginWithUnregisterEmailTest -->
  <testcase classname="com.amazon.tests.SigninPageTest" name="backAndForthScenarioTest" time="0.0">
    <ignored/>
  </testcase> <!-- backAndForthScenarioTest -->
</testsuite> <!-- Amazon_SigninPage_Sanity_Test -->
