<?xml version="1.0" encoding="UTF-8"?>
<!-- Generated by org.testng.reporters.JUnitXMLReporter -->
<testsuite ignored="2" hostname="qalab-scim-ss" failures="0" tests="2" name="Amazon_RegistrationPageTest_Sanity_Test" time="0.053" errors="0" timestamp="2025-12-03T14:15:54 UTC">
  <testcase classname="com.amazon.tests.RegistrationPageTest" name="isLogoPresentTest" time="0.0">
    <skipped/>
  </testcase> <!-- isLogoPresentTest -->
  <testcase classname="com.amazon.tests.RegistrationPageTest" name="pageTitleTest" time="0.001">
    <skipped/>
  </testcase> <!-- pageTitleTest -->
  <testcase classname="com.amazon.tests.RegistrationPageTest" name="signinLinkTest" time="0.0">
    <ignored/>
  </testcase> <!-- signinLinkTest -->
  <testcase classname="com.amazon.tests.RegistrationPageTest" name="verifyMobileNumberTest" time="0.0">
    <ignored/>
  </testcase> <!-- verifyMobileNumberTest -->
</testsuite> <!-- Amazon_RegistrationPageTest_Sanity_Test -->
